<?xml version="1.0" encoding="UTF-8"?>
<coverage generated="1576429791216" clover="3.2.0">
  <project timestamp="1576429791217" name="All files">
    <metrics statements="5" coveredstatements="1" conditionals="4" coveredconditionals="0" methods="1" coveredmethods="0" elements="10" coveredelements="1" complexity="0" loc="5" ncloc="5" packages="1" files="1" classes="1"/>
    <file name="BannerWidget.js" path="C:\dev\schemeofwork_web2py_app\src\react_app\widgets\BannerWidget.js">
      <metrics statements="5" coveredstatements="1" conditionals="4" coveredconditionals="0" methods="1" coveredmethods="0"/>
      <line num="3" count="1" type="stmt"/>
      <line num="4" count="0" type="stmt"/>
      <line num="5" count="0" type="cond" truecount="0" falsecount="4"/>
      <line num="6" count="0" type="stmt"/>
      <line num="8" count="0" type="stmt"/>
    </file>
  </project>
</coverage>
